Build started 2017/1/17 16:16:39.
     1>Project "C:\Users\Administrator\Desktop\curl-7.52.1\projects\Windows\VC11\src\curl.vcxproj" on node 2 (Build target(s)).
     1>Link:
         C:\Program Files (x86)\Microsoft Visual Studio 11.0\VC\bin\link.exe /ERRORREPORT:PROMPT /OUT:"..\..\..\..\build\Win32\VC11\DLL Debug - DLL OpenSSL - DLL LibSSH2\curld.exe" /INCREMENTAL:NO /NOLOGO /LIBPATH:"..\..\..\..\build\Win32\VC11\DLL Debug - DLL OpenSSL - DLL LibSSH2" ws2_32.lib wldap32.lib libcurld.lib kernel32.lib user32.lib gdi32.lib winspool.lib comdlg32.lib advapi32.lib shell32.lib ole32.lib oleaut32.lib uuid.lib odbc32.lib odbccp32.lib /MANIFEST /MANIFESTUAC:"level='asInvoker' uiAccess='false'" /manifest:embed /DEBUG /PDB:"C:\Users\Administrator\Desktop\curl-7.52.1\build\Win32\VC11\DLL Debug - DLL OpenSSL - DLL LibSSH2\curld.pdb" /SUBSYSTEM:CONSOLE /TLBID:1 /DYNAMICBASE /NXCOMPAT /IMPLIB:"..\..\..\..\build\Win32\VC11\DLL Debug - DLL OpenSSL - DLL LibSSH2\curld.lib" /MACHINE:X86 /SAFESEH "..\..\..\..\build\Win32\VC11\DLL Debug - DLL OpenSSL - DLL LibSSH2\src\curl.res"
         "..\..\..\..\build\Win32\VC11\DLL Debug - DLL OpenSSL - DLL LibSSH2\src\nonblock.obj"
         "..\..\..\..\build\Win32\VC11\DLL Debug - DLL OpenSSL - DLL LibSSH2\src\strtoofft.obj"
         "..\..\..\..\build\Win32\VC11\DLL Debug - DLL OpenSSL - DLL LibSSH2\src\warnless.obj"
         "..\..\..\..\build\Win32\VC11\DLL Debug - DLL OpenSSL - DLL LibSSH2\src\slist_wc.obj"
         "..\..\..\..\build\Win32\VC11\DLL Debug - DLL OpenSSL - DLL LibSSH2\src\tool_binmode.obj"
         "..\..\..\..\build\Win32\VC11\DLL Debug - DLL OpenSSL - DLL LibSSH2\src\tool_bname.obj"
         "..\..\..\..\build\Win32\VC11\DLL Debug - DLL OpenSSL - DLL LibSSH2\src\tool_cb_dbg.obj"
         "..\..\..\..\build\Win32\VC11\DLL Debug - DLL OpenSSL - DLL LibSSH2\src\tool_cb_hdr.obj"
         "..\..\..\..\build\Win32\VC11\DLL Debug - DLL OpenSSL - DLL LibSSH2\src\tool_cb_prg.obj"
         "..\..\..\..\build\Win32\VC11\DLL Debug - DLL OpenSSL - DLL LibSSH2\src\tool_cb_rea.obj"
         "..\..\..\..\build\Win32\VC11\DLL Debug - DLL OpenSSL - DLL LibSSH2\src\tool_cb_see.obj"
         "..\..\..\..\build\Win32\VC11\DLL Debug - DLL OpenSSL - DLL LibSSH2\src\tool_cb_wrt.obj"
         "..\..\..\..\build\Win32\VC11\DLL Debug - DLL OpenSSL - DLL LibSSH2\src\tool_cfgable.obj"
         "..\..\..\..\build\Win32\VC11\DLL Debug - DLL OpenSSL - DLL LibSSH2\src\tool_convert.obj"
         "..\..\..\..\build\Win32\VC11\DLL Debug - DLL OpenSSL - DLL LibSSH2\src\tool_dirhie.obj"
         "..\..\..\..\build\Win32\VC11\DLL Debug - DLL OpenSSL - DLL LibSSH2\src\tool_doswin.obj"
         "..\..\..\..\build\Win32\VC11\DLL Debug - DLL OpenSSL - DLL LibSSH2\src\tool_easysrc.obj"
         "..\..\..\..\build\Win32\VC11\DLL Debug - DLL OpenSSL - DLL LibSSH2\src\tool_formparse.obj"
         "..\..\..\..\build\Win32\VC11\DLL Debug - DLL OpenSSL - DLL LibSSH2\src\tool_getparam.obj"
         "..\..\..\..\build\Win32\VC11\DLL Debug - DLL OpenSSL - DLL LibSSH2\src\tool_getpass.obj"
         "..\..\..\..\build\Win32\VC11\DLL Debug - DLL OpenSSL - DLL LibSSH2\src\tool_help.obj"
         "..\..\..\..\build\Win32\VC11\DLL Debug - DLL OpenSSL - DLL LibSSH2\src\tool_helpers.obj"
         "..\..\..\..\build\Win32\VC11\DLL Debug - DLL OpenSSL - DLL LibSSH2\src\tool_homedir.obj"
         "..\..\..\..\build\Win32\VC11\DLL Debug - DLL OpenSSL - DLL LibSSH2\src\tool_hugehelp.obj"
         "..\..\..\..\build\Win32\VC11\DLL Debug - DLL OpenSSL - DLL LibSSH2\src\tool_libinfo.obj"
         "..\..\..\..\build\Win32\VC11\DLL Debug - DLL OpenSSL - DLL LibSSH2\src\tool_main.obj"
         "..\..\..\..\build\Win32\VC11\DLL Debug - DLL OpenSSL - DLL LibSSH2\src\tool_metalink.obj"
         "..\..\..\..\build\Win32\VC11\DLL Debug - DLL OpenSSL - DLL LibSSH2\src\tool_mfiles.obj"
         "..\..\..\..\build\Win32\VC11\DLL Debug - DLL OpenSSL - DLL LibSSH2\src\tool_msgs.obj"
         "..\..\..\..\build\Win32\VC11\DLL Debug - DLL OpenSSL - DLL LibSSH2\src\tool_operate.obj"
         "..\..\..\..\build\Win32\VC11\DLL Debug - DLL OpenSSL - DLL LibSSH2\src\tool_operhlp.obj"
         "..\..\..\..\build\Win32\VC11\DLL Debug - DLL OpenSSL - DLL LibSSH2\src\tool_panykey.obj"
         "..\..\..\..\build\Win32\VC11\DLL Debug - DLL OpenSSL - DLL LibSSH2\src\tool_paramhlp.obj"
         "..\..\..\..\build\Win32\VC11\DLL Debug - DLL OpenSSL - DLL LibSSH2\src\tool_parsecfg.obj"
         "..\..\..\..\build\Win32\VC11\DLL Debug - DLL OpenSSL - DLL LibSSH2\src\tool_setopt.obj"
         "..\..\..\..\build\Win32\VC11\DLL Debug - DLL OpenSSL - DLL LibSSH2\src\tool_sleep.obj"
         "..\..\..\..\build\Win32\VC11\DLL Debug - DLL OpenSSL - DLL LibSSH2\src\tool_strdup.obj"
         "..\..\..\..\build\Win32\VC11\DLL Debug - DLL OpenSSL - DLL LibSSH2\src\tool_urlglob.obj"
         "..\..\..\..\build\Win32\VC11\DLL Debug - DLL OpenSSL - DLL LibSSH2\src\tool_util.obj"
         "..\..\..\..\build\Win32\VC11\DLL Debug - DLL OpenSSL - DLL LibSSH2\src\tool_vms.obj"
         "..\..\..\..\build\Win32\VC11\DLL Debug - DLL OpenSSL - DLL LibSSH2\src\tool_writeenv.obj"
         "..\..\..\..\build\Win32\VC11\DLL Debug - DLL OpenSSL - DLL LibSSH2\src\tool_writeout.obj"
         "..\..\..\..\build\Win32\VC11\DLL Debug - DLL OpenSSL - DLL LibSSH2\src\tool_xattr.obj"
     1>LINK : fatal error LNK1181: cannot open input file 'libcurld.lib'
     1>Done Building Project "C:\Users\Administrator\Desktop\curl-7.52.1\projects\Windows\VC11\src\curl.vcxproj" (Build target(s)) -- FAILED.

Build FAILED.

Time Elapsed 00:00:00.27
