Build started 2017/1/17 16:24:51.
     1>Project "C:\Users\Administrator\Desktop\curl-7.52.1\projects\Windows\VC11\lib\libcurl.vcxproj" on node 2 (Build target(s)).
     1>ClCompile:
         C:\Program Files (x86)\Microsoft Visual Studio 11.0\VC\bin\CL.exe /c /I..\..\..\..\include /I..\..\..\..\lib /I..\..\..\..\..\openssl\inc32 /Zi /nologo /W4 /WX- /O2 /Ob1 /Oy- /D NDEBUG /D BUILDING_LIBCURL /D CURL_STATICLIB /D USE_OPENSSL /D _MBCS /GF /Gm- /EHsc /MD /GS /Gy /fp:precise /Zc:wchar_t /Zc:forScope /Fo"..\..\..\..\build\Win32\VC11\LIB Release - LIB OpenSSL\lib\\" /Fd"..\..\..\..\build\Win32\VC11\LIB Release - LIB OpenSSL\lib\vc110.pdb" /Gd /TC /analyze- /errorReport:prompt "..\..\..\..\lib\asyn-thread.c" ..\..\..\..\lib\base64.c ..\..\..\..\lib\conncache.c ..\..\..\..\lib\connect.c ..\..\..\..\lib\cookie.c ..\..\..\..\lib\curl_ntlm_core.c ..\..\..\..\lib\curl_sasl.c ..\..\..\..\lib\dict.c ..\..\..\..\lib\easy.c ..\..\..\..\lib\escape.c ..\..\..\..\lib\file.c ..\..\..\..\lib\formdata.c ..\..\..\..\lib\ftp.c ..\..\..\..\lib\ftplistparser.c ..\..\..\..\lib\getinfo.c ..\..\..\..\lib\gopher.c ..\..\..\..\lib\hostasyn.c ..\..\..\..\lib\hostip4.c ..\..\..\..\lib\hostip6.c ..\..\..\..\lib\hostip.c ..\..\..\..\lib\hostsyn.c ..\..\..\..\lib\http.c ..\..\..\..\lib\http_chunks.c ..\..\..\..\lib\http_digest.c ..\..\..\..\lib\http_ntlm.c ..\..\..\..\lib\http_proxy.c ..\..\..\..\lib\imap.c ..\..\..\..\lib\ldap.c ..\..\..\..\lib\md5.c ..\..\..\..\lib\multi.c ..\..\..\..\lib\pingpong.c ..\..\..\..\lib\pipeline.c ..\..\..\..\lib\pop3.c ..\..\..\..\lib\progress.c ..\..\..\..\lib\rand.c ..\..\..\..\lib\rtsp.c ..\..\..\..\lib\select.c ..\..\..\..\lib\sendf.c ..\..\..\..\lib\share.c ..\..\..\..\lib\smb.c ..\..\..\..\lib\smtp.c ..\..\..\..\lib\socks.c ..\..\..\..\lib\speedcheck.c ..\..\..\..\lib\strerror.c ..\..\..\..\lib\telnet.c ..\..\..\..\lib\tftp.c ..\..\..\..\lib\transfer.c ..\..\..\..\lib\url.c ..\..\..\..\lib\version.c ..\..\..\..\lib\vauth\cleartext.c ..\..\..\..\lib\vauth\cram.c ..\..\..\..\lib\vauth\digest.c ..\..\..\..\lib\vauth\ntlm.c ..\..\..\..\lib\vauth\oauth2.c ..\..\..\..\lib\vtls\darwinssl.c ..\..\..\..\lib\vtls\openssl.c ..\..\..\..\lib\vtls\vtls.c
         asyn-thread.c
         base64.c
         conncache.c
         connect.c
         cookie.c
     1>..\..\..\..\lib\cookie.c(912): warning C4127: conditional expression is constant
     1>..\..\..\..\lib\cookie.c(1068): warning C4127: conditional expression is constant
     1>..\..\..\..\lib\cookie.c(1069): warning C4127: conditional expression is constant
     1>..\..\..\..\lib\cookie.c(1070): warning C4127: conditional expression is constant
     1>..\..\..\..\lib\cookie.c(1071): warning C4127: conditional expression is constant
     1>..\..\..\..\lib\cookie.c(1072): warning C4127: conditional expression is constant
     1>..\..\..\..\lib\cookie.c(1073): warning C4127: conditional expression is constant
     1>..\..\..\..\lib\cookie.c(1074): warning C4127: conditional expression is constant
     1>..\..\..\..\lib\cookie.c(1075): warning C4127: conditional expression is constant
         curl_ntlm_core.c
         curl_sasl.c
         dict.c
         easy.c
         escape.c
         file.c
         formdata.c
         ftp.c
         ftplistparser.c
         getinfo.c
         gopher.c
         hostasyn.c
         hostip4.c
         hostip6.c
         hostip.c
         Generating Code...
         Compiling...
         hostsyn.c
         http.c
         http_chunks.c
         http_digest.c
         http_ntlm.c
         http_proxy.c
         imap.c
         ldap.c
         md5.c
         multi.c
         pingpong.c
         pipeline.c
         pop3.c
         progress.c
         rand.c
         rtsp.c
         select.c
         sendf.c
         share.c
         smb.c
         Generating Code...
         Compiling...
         smtp.c
         socks.c
         speedcheck.c
         strerror.c
         telnet.c
         tftp.c
         transfer.c
         url.c
     1>..\..\..\..\lib\url.c(3490): warning C4127: conditional expression is constant
         version.c
         cleartext.c
         cram.c
         digest.c
         ntlm.c
         oauth2.c
         darwinssl.c
         openssl.c
     1>..\..\..\..\lib\vtls\openssl.c(2733): warning C4127: conditional expression is constant
         vtls.c
     1>..\..\..\..\lib\vtls\vtls.c(918): warning C4127: conditional expression is constant
         Generating Code...
       ResourceCompile:
         C:\Program Files (x86)\Windows Kits\8.0\bin\x86\rc.exe /D NDEBUG /l"0x0409" /nologo /fo"..\..\..\..\build\Win32\VC11\LIB Release - LIB OpenSSL\lib\libcurl.res" ..\..\..\..\lib\libcurl.rc 
       Lib:
         C:\Program Files (x86)\Microsoft Visual Studio 11.0\VC\bin\Lib.exe /OUT:"..\..\..\..\build\Win32\VC11\LIB Release - LIB OpenSSL\libcurl.lib" /NOLOGO /MACHINE:X86 "..\..\..\..\build\Win32\VC11\LIB Release - LIB OpenSSL\lib\libcurl.res"
         "..\..\..\..\build\Win32\VC11\LIB Release - LIB OpenSSL\lib\amigaos.obj"
         "..\..\..\..\build\Win32\VC11\LIB Release - LIB OpenSSL\lib\asyn-ares.obj"
         "..\..\..\..\build\Win32\VC11\LIB Release - LIB OpenSSL\lib\asyn-thread.obj"
         "..\..\..\..\build\Win32\VC11\LIB Release - LIB OpenSSL\lib\base64.obj"
         "..\..\..\..\build\Win32\VC11\LIB Release - LIB OpenSSL\lib\conncache.obj"
         "..\..\..\..\build\Win32\VC11\LIB Release - LIB OpenSSL\lib\connect.obj"
         "..\..\..\..\build\Win32\VC11\LIB Release - LIB OpenSSL\lib\content_encoding.obj"
         "..\..\..\..\build\Win32\VC11\LIB Release - LIB OpenSSL\lib\cookie.obj"
         "..\..\..\..\build\Win32\VC11\LIB Release - LIB OpenSSL\lib\curl_addrinfo.obj"
         "..\..\..\..\build\Win32\VC11\LIB Release - LIB OpenSSL\lib\curl_des.obj"
         "..\..\..\..\build\Win32\VC11\LIB Release - LIB OpenSSL\lib\curl_endian.obj"
         "..\..\..\..\build\Win32\VC11\LIB Release - LIB OpenSSL\lib\curl_fnmatch.obj"
         "..\..\..\..\build\Win32\VC11\LIB Release - LIB OpenSSL\lib\curl_gethostname.obj"
         "..\..\..\..\build\Win32\VC11\LIB Release - LIB OpenSSL\lib\curl_gssapi.obj"
         "..\..\..\..\build\Win32\VC11\LIB Release - LIB OpenSSL\lib\curl_memrchr.obj"
         "..\..\..\..\build\Win32\VC11\LIB Release - LIB OpenSSL\lib\curl_multibyte.obj"
         "..\..\..\..\build\Win32\VC11\LIB Release - LIB OpenSSL\lib\curl_ntlm_core.obj"
         "..\..\..\..\build\Win32\VC11\LIB Release - LIB OpenSSL\lib\curl_ntlm_wb.obj"
         "..\..\..\..\build\Win32\VC11\LIB Release - LIB OpenSSL\lib\curl_rtmp.obj"
         "..\..\..\..\build\Win32\VC11\LIB Release - LIB OpenSSL\lib\curl_sasl.obj"
         "..\..\..\..\build\Win32\VC11\LIB Release - LIB OpenSSL\lib\curl_sspi.obj"
         "..\..\..\..\build\Win32\VC11\LIB Release - LIB OpenSSL\lib\curl_threads.obj"
         "..\..\..\..\build\Win32\VC11\LIB Release - LIB OpenSSL\lib\dict.obj"
         "..\..\..\..\build\Win32\VC11\LIB Release - LIB OpenSSL\lib\dotdot.obj"
         "..\..\..\..\build\Win32\VC11\LIB Release - LIB OpenSSL\lib\easy.obj"
         "..\..\..\..\build\Win32\VC11\LIB Release - LIB OpenSSL\lib\escape.obj"
         "..\..\..\..\build\Win32\VC11\LIB Release - LIB OpenSSL\lib\file.obj"
         "..\..\..\..\build\Win32\VC11\LIB Release - LIB OpenSSL\lib\fileinfo.obj"
         "..\..\..\..\build\Win32\VC11\LIB Release - LIB OpenSSL\lib\formdata.obj"
         "..\..\..\..\build\Win32\VC11\LIB Release - LIB OpenSSL\lib\ftp.obj"
         "..\..\..\..\build\Win32\VC11\LIB Release - LIB OpenSSL\lib\ftplistparser.obj"
         "..\..\..\..\build\Win32\VC11\LIB Release - LIB OpenSSL\lib\getenv.obj"
         "..\..\..\..\build\Win32\VC11\LIB Release - LIB OpenSSL\lib\getinfo.obj"
         "..\..\..\..\build\Win32\VC11\LIB Release - LIB OpenSSL\lib\gopher.obj"
         "..\..\..\..\build\Win32\VC11\LIB Release - LIB OpenSSL\lib\hash.obj"
         "..\..\..\..\build\Win32\VC11\LIB Release - LIB OpenSSL\lib\hmac.obj"
         "..\..\..\..\build\Win32\VC11\LIB Release - LIB OpenSSL\lib\hostasyn.obj"
         "..\..\..\..\build\Win32\VC11\LIB Release - LIB OpenSSL\lib\hostcheck.obj"
         "..\..\..\..\build\Win32\VC11\LIB Release - LIB OpenSSL\lib\hostip4.obj"
         "..\..\..\..\build\Win32\VC11\LIB Release - LIB OpenSSL\lib\hostip6.obj"
         "..\..\..\..\build\Win32\VC11\LIB Release - LIB OpenSSL\lib\hostip.obj"
         "..\..\..\..\build\Win32\VC11\LIB Release - LIB OpenSSL\lib\hostsyn.obj"
         "..\..\..\..\build\Win32\VC11\LIB Release - LIB OpenSSL\lib\http2.obj"
         "..\..\..\..\build\Win32\VC11\LIB Release - LIB OpenSSL\lib\http.obj"
         "..\..\..\..\build\Win32\VC11\LIB Release - LIB OpenSSL\lib\http_chunks.obj"
         "..\..\..\..\build\Win32\VC11\LIB Release - LIB OpenSSL\lib\http_digest.obj"
         "..\..\..\..\build\Win32\VC11\LIB Release - LIB OpenSSL\lib\http_negotiate.obj"
         "..\..\..\..\build\Win32\VC11\LIB Release - LIB OpenSSL\lib\http_ntlm.obj"
         "..\..\..\..\build\Win32\VC11\LIB Release - LIB OpenSSL\lib\http_proxy.obj"
         "..\..\..\..\build\Win32\VC11\LIB Release - LIB OpenSSL\lib\idn_win32.obj"
         "..\..\..\..\build\Win32\VC11\LIB Release - LIB OpenSSL\lib\if2ip.obj"
         "..\..\..\..\build\Win32\VC11\LIB Release - LIB OpenSSL\lib\imap.obj"
         "..\..\..\..\build\Win32\VC11\LIB Release - LIB OpenSSL\lib\inet_ntop.obj"
         "..\..\..\..\build\Win32\VC11\LIB Release - LIB OpenSSL\lib\inet_pton.obj"
         "..\..\..\..\build\Win32\VC11\LIB Release - LIB OpenSSL\lib\krb5.obj"
         "..\..\..\..\build\Win32\VC11\LIB Release - LIB OpenSSL\lib\ldap.obj"
         "..\..\..\..\build\Win32\VC11\LIB Release - LIB OpenSSL\lib\llist.obj"
         "..\..\..\..\build\Win32\VC11\LIB Release - LIB OpenSSL\lib\md4.obj"
         "..\..\..\..\build\Win32\VC11\LIB Release - LIB OpenSSL\lib\md5.obj"
         "..\..\..\..\build\Win32\VC11\LIB Release - LIB OpenSSL\lib\memdebug.obj"
         "..\..\..\..\build\Win32\VC11\LIB Release - LIB OpenSSL\lib\mprintf.obj"
         "..\..\..\..\build\Win32\VC11\LIB Release - LIB OpenSSL\lib\multi.obj"
         "..\..\..\..\build\Win32\VC11\LIB Release - LIB OpenSSL\lib\netrc.obj"
         "..\..\..\..\build\Win32\VC11\LIB Release - LIB OpenSSL\lib\non-ascii.obj"
         "..\..\..\..\build\Win32\VC11\LIB Release - LIB OpenSSL\lib\nonblock.obj"
         "..\..\..\..\build\Win32\VC11\LIB Release - LIB OpenSSL\lib\openldap.obj"
         "..\..\..\..\build\Win32\VC11\LIB Release - LIB OpenSSL\lib\parsedate.obj"
         "..\..\..\..\build\Win32\VC11\LIB Release - LIB OpenSSL\lib\pingpong.obj"
         "..\..\..\..\build\Win32\VC11\LIB Release - LIB OpenSSL\lib\pipeline.obj"
         "..\..\..\..\build\Win32\VC11\LIB Release - LIB OpenSSL\lib\pop3.obj"
         "..\..\..\..\build\Win32\VC11\LIB Release - LIB OpenSSL\lib\progress.obj"
         "..\..\..\..\build\Win32\VC11\LIB Release - LIB OpenSSL\lib\rand.obj"
         "..\..\..\..\build\Win32\VC11\LIB Release - LIB OpenSSL\lib\rtsp.obj"
         "..\..\..\..\build\Win32\VC11\LIB Release - LIB OpenSSL\lib\security.obj"
         "..\..\..\..\build\Win32\VC11\LIB Release - LIB OpenSSL\lib\select.obj"
         "..\..\..\..\build\Win32\VC11\LIB Release - LIB OpenSSL\lib\sendf.obj"
         "..\..\..\..\build\Win32\VC11\LIB Release - LIB OpenSSL\lib\share.obj"
         "..\..\..\..\build\Win32\VC11\LIB Release - LIB OpenSSL\lib\slist.obj"
         "..\..\..\..\build\Win32\VC11\LIB Release - LIB OpenSSL\lib\smb.obj"
         "..\..\..\..\build\Win32\VC11\LIB Release - LIB OpenSSL\lib\smtp.obj"
         "..\..\..\..\build\Win32\VC11\LIB Release - LIB OpenSSL\lib\socks.obj"
         "..\..\..\..\build\Win32\VC11\LIB Release - LIB OpenSSL\lib\socks_gssapi.obj"
         "..\..\..\..\build\Win32\VC11\LIB Release - LIB OpenSSL\lib\socks_sspi.obj"
         "..\..\..\..\build\Win32\VC11\LIB Release - LIB OpenSSL\lib\speedcheck.obj"
         "..\..\..\..\build\Win32\VC11\LIB Release - LIB OpenSSL\lib\splay.obj"
         "..\..\..\..\build\Win32\VC11\LIB Release - LIB OpenSSL\lib\ssh.obj"
         "..\..\..\..\build\Win32\VC11\LIB Release - LIB OpenSSL\lib\strcase.obj"
         "..\..\..\..\build\Win32\VC11\LIB Release - LIB OpenSSL\lib\strdup.obj"
         "..\..\..\..\build\Win32\VC11\LIB Release - LIB OpenSSL\lib\strerror.obj"
         "..\..\..\..\build\Win32\VC11\LIB Release - LIB OpenSSL\lib\strtok.obj"
         "..\..\..\..\build\Win32\VC11\LIB Release - LIB OpenSSL\lib\strtoofft.obj"
         "..\..\..\..\build\Win32\VC11\LIB Release - LIB OpenSSL\lib\system_win32.obj"
         "..\..\..\..\build\Win32\VC11\LIB Release - LIB OpenSSL\lib\telnet.obj"
         "..\..\..\..\build\Win32\VC11\LIB Release - LIB OpenSSL\lib\tftp.obj"
         "..\..\..\..\build\Win32\VC11\LIB Release - LIB OpenSSL\lib\timeval.obj"
         "..\..\..\..\build\Win32\VC11\LIB Release - LIB OpenSSL\lib\transfer.obj"
         "..\..\..\..\build\Win32\VC11\LIB Release - LIB OpenSSL\lib\url.obj"
         "..\..\..\..\build\Win32\VC11\LIB Release - LIB OpenSSL\lib\version.obj"
         "..\..\..\..\build\Win32\VC11\LIB Release - LIB OpenSSL\lib\warnless.obj"
         "..\..\..\..\build\Win32\VC11\LIB Release - LIB OpenSSL\lib\wildcard.obj"
         "..\..\..\..\build\Win32\VC11\LIB Release - LIB OpenSSL\lib\x509asn1.obj"
         "..\..\..\..\build\Win32\VC11\LIB Release - LIB OpenSSL\lib\cleartext.obj"
         "..\..\..\..\build\Win32\VC11\LIB Release - LIB OpenSSL\lib\cram.obj"
         "..\..\..\..\build\Win32\VC11\LIB Release - LIB OpenSSL\lib\digest.obj"
         "..\..\..\..\build\Win32\VC11\LIB Release - LIB OpenSSL\lib\digest_sspi.obj"
         "..\..\..\..\build\Win32\VC11\LIB Release - LIB OpenSSL\lib\krb5_gssapi.obj"
         "..\..\..\..\build\Win32\VC11\LIB Release - LIB OpenSSL\lib\krb5_sspi.obj"
         "..\..\..\..\build\Win32\VC11\LIB Release - LIB OpenSSL\lib\ntlm.obj"
         "..\..\..\..\build\Win32\VC11\LIB Release - LIB OpenSSL\lib\ntlm_sspi.obj"
         "..\..\..\..\build\Win32\VC11\LIB Release - LIB OpenSSL\lib\oauth2.obj"
         "..\..\..\..\build\Win32\VC11\LIB Release - LIB OpenSSL\lib\spnego_gssapi.obj"
         "..\..\..\..\build\Win32\VC11\LIB Release - LIB OpenSSL\lib\spnego_sspi.obj"
         "..\..\..\..\build\Win32\VC11\LIB Release - LIB OpenSSL\lib\vauth.obj"
         "..\..\..\..\build\Win32\VC11\LIB Release - LIB OpenSSL\lib\axtls.obj"
         "..\..\..\..\build\Win32\VC11\LIB Release - LIB OpenSSL\lib\cyassl.obj"
         "..\..\..\..\build\Win32\VC11\LIB Release - LIB OpenSSL\lib\darwinssl.obj"
         "..\..\..\..\build\Win32\VC11\LIB Release - LIB OpenSSL\lib\gskit.obj"
         "..\..\..\..\build\Win32\VC11\LIB Release - LIB OpenSSL\lib\gtls.obj"
         "..\..\..\..\build\Win32\VC11\LIB Release - LIB OpenSSL\lib\mbedtls.obj"
         "..\..\..\..\build\Win32\VC11\LIB Release - LIB OpenSSL\lib\nss.obj"
         "..\..\..\..\build\Win32\VC11\LIB Release - LIB OpenSSL\lib\openssl.obj"
         "..\..\..\..\build\Win32\VC11\LIB Release - LIB OpenSSL\lib\polarssl.obj"
         "..\..\..\..\build\Win32\VC11\LIB Release - LIB OpenSSL\lib\polarssl_threadlock.obj"
         "..\..\..\..\build\Win32\VC11\LIB Release - LIB OpenSSL\lib\schannel.obj"
         "..\..\..\..\build\Win32\VC11\LIB Release - LIB OpenSSL\lib\vtls.obj"
         libcurl.vcxproj -> C:\Users\Administrator\Desktop\curl-7.52.1\projects\Windows\VC11\lib\..\..\..\..\build\Win32\VC11\LIB Release - LIB OpenSSL\libcurl.lib
     1>Done Building Project "C:\Users\Administrator\Desktop\curl-7.52.1\projects\Windows\VC11\lib\libcurl.vcxproj" (Build target(s)).

Build succeeded.

Time Elapsed 00:00:17.16
